2015-07-31 12:55:48,102 [FileSystemWatcher: files=#73 cl=java.net.URLClassLoader@7c24d3f1] ERROR StackTrace  - Full Stack Trace:
groovy.lang.GroovyRuntimeException: Ambiguous method overloading for method grails.spring.BeanBuilder#registerBeans.
Cannot resolve which method to invoke for [null] due to overlapping prototypes between:
	[interface org.codehaus.groovy.grails.commons.spring.RuntimeSpringConfiguration]
	[interface org.springframework.beans.factory.support.BeanDefinitionRegistry]
	at groovy.lang.MetaClassImpl.chooseMostSpecificParams(MetaClassImpl.java:3238)
	at groovy.lang.MetaClassImpl.chooseMethodInternal(MetaClassImpl.java:3191)
	at groovy.lang.MetaClassImpl.chooseMethod(MetaClassImpl.java:3134)
	at groovy.lang.MetaClassImpl.getMethodWithCachingInternal(MetaClassImpl.java:1325)
	at groovy.lang.MetaClassImpl.createPogoCallSite(MetaClassImpl.java:3402)
	at groovy.lang.ExpandoMetaClass.createPogoCallSite(ExpandoMetaClass.java:1310)
	at org.codehaus.groovy.runtime.callsite.CallSiteArray.createPogoSite(CallSiteArray.java:147)
	at org.codehaus.groovy.runtime.callsite.CallSiteArray.createCallSite(CallSiteArray.java:161)
	at org.codehaus.groovy.runtime.callsite.CallSiteArray.defaultCall(CallSiteArray.java:45)
	at org.codehaus.groovy.runtime.callsite.AbstractCallSite.call(AbstractCallSite.java:110)
	at org.codehaus.groovy.runtime.callsite.AbstractCallSite.call(AbstractCallSite.java:122)
	at org.codehaus.groovy.grails.plugins.DomainClassGrailsPlugin$_closure3.doCall(DomainClassGrailsPlugin.groovy:154)
	at sun.reflect.NativeMethodAccessorImpl.invoke0(Native Method)
	at sun.reflect.NativeMethodAccessorImpl.invoke(NativeMethodAccessorImpl.java:57)
	at sun.reflect.DelegatingMethodAccessorImpl.invoke(DelegatingMethodAccessorImpl.java:43)
	at java.lang.reflect.Method.invoke(Method.java:606)
	at org.springsource.loaded.ri.ReflectiveInterceptor.jlrMethodInvoke(ReflectiveInterceptor.java:1276)
	at org.codehaus.groovy.reflection.CachedMethod.invoke(CachedMethod.java:90)
	at groovy.lang.MetaMethod.doMethodInvoke(MetaMethod.java:324)
	at groovy.lang.MetaClassImpl.invokeMethod(MetaClassImpl.java:1207)
	at groovy.lang.ExpandoMetaClass.invokeMethod(ExpandoMetaClass.java:1121)
	at groovy.lang.MetaClassImpl.invokeMethod(MetaClassImpl.java:1016)
	at groovy.lang.Closure.call(Closure.java:423)
	at org.codehaus.groovy.grails.plugins.DefaultGrailsPlugin.invokeOnChangeListener(DefaultGrailsPlugin.java:767)
	at org.codehaus.groovy.grails.plugins.DefaultGrailsPlugin.notifyOfEvent(DefaultGrailsPlugin.java:716)
	at org.codehaus.groovy.grails.plugins.DefaultGrailsPlugin.notifyOfEvent(DefaultGrailsPlugin.java:731)
	at org.codehaus.groovy.grails.plugins.AbstractGrailsPluginManager.informOfClassChange(AbstractGrailsPluginManager.java:408)
	at org.codehaus.groovy.grails.project.compiler.GrailsProjectWatcher$2.run(GrailsProjectWatcher.java:246)
	at org.codehaus.groovy.grails.project.compiler.GrailsProjectWatcher.firePendingClassChangeEvents(GrailsProjectWatcher.java:107)
	at org.codehaus.groovy.grails.cli.agent.GrailsPluginManagerReloadPlugin.reloadEvent(GrailsPluginManagerReloadPlugin.java:42)
	at org.springsource.loaded.TypeRegistry.fireReloadEvent(TypeRegistry.java:1794)
	at org.springsource.loaded.ReloadableType.loadNewVersion(ReloadableType.java:417)
	at org.springsource.loaded.TypeRegistry.loadNewVersion(TypeRegistry.java:845)
	at org.springsource.loaded.agent.ReloadableFileChangeListener.fileChanged(ReloadableFileChangeListener.java:51)
	at org.springsource.loaded.agent.Watcher.determineChangesSince(FileSystemWatcher.java:235)
	at org.springsource.loaded.agent.Watcher.run(FileSystemWatcher.java:219)
	at java.lang.Thread.run(Thread.java:745)
2015-07-31 12:55:48,125 [FileSystemWatcher: files=#73 cl=java.net.URLClassLoader@7c24d3f1] ERROR StackTrace  - Full Stack Trace:
groovy.lang.GroovyRuntimeException: Ambiguous method overloading for method grails.spring.BeanBuilder#registerBeans.
Cannot resolve which method to invoke for [null] due to overlapping prototypes between:
	[interface org.codehaus.groovy.grails.commons.spring.RuntimeSpringConfiguration]
	[interface org.springframework.beans.factory.support.BeanDefinitionRegistry]
	at java.lang.Thread.run(Thread.java:745)
2015-07-31 12:55:48,126 [FileSystemWatcher: files=#73 cl=java.net.URLClassLoader@7c24d3f1] ERROR StackTrace  - Full Stack Trace:
groovy.lang.GroovyRuntimeException: Ambiguous method overloading for method grails.spring.BeanBuilder#registerBeans.
Cannot resolve which method to invoke for [null] due to overlapping prototypes between:
	[interface org.codehaus.groovy.grails.commons.spring.RuntimeSpringConfiguration]
	[interface org.springframework.beans.factory.support.BeanDefinitionRegistry]
	at java.lang.Thread.run(Thread.java:745)
2015-07-31 12:55:48,135 [FileSystemWatcher: files=#73 cl=java.net.URLClassLoader@7c24d3f1] ERROR StackTrace  - Full Stack Trace:
groovy.lang.GroovyRuntimeException: Ambiguous method overloading for method grails.spring.BeanBuilder#registerBeans.
Cannot resolve which method to invoke for [null] due to overlapping prototypes between:
	[interface org.codehaus.groovy.grails.commons.spring.RuntimeSpringConfiguration]
	[interface org.springframework.beans.factory.support.BeanDefinitionRegistry]
	at java.lang.Thread.run(Thread.java:745)
2015-07-31 12:56:27,412 [Thread-13] ERROR StackTrace  - Full Stack Trace:
java.lang.NullPointerException: Cannot invoke method getPropertyValue() on null object
	at org.codehaus.groovy.runtime.NullObject.invokeMethod(NullObject.java:88)
	at org.codehaus.groovy.runtime.callsite.PogoMetaClassSite.call(PogoMetaClassSite.java:45)
	at org.codehaus.groovy.runtime.callsite.CallSiteArray.defaultCall(CallSiteArray.java:45)
	at org.codehaus.groovy.runtime.callsite.NullCallSite.call(NullCallSite.java:32)
	at org.codehaus.groovy.runtime.callsite.CallSiteArray.defaultCall(CallSiteArray.java:45)
	at org.codehaus.groovy.runtime.callsite.AbstractCallSite.call(AbstractCallSite.java:110)
	at org.codehaus.groovy.runtime.callsite.AbstractCallSite.call(AbstractCallSite.java:130)
	at ScaffoldingGrailsPlugin.configureScaffoldingController(ScaffoldingGrailsPlugin.groovy:120)
	at sun.reflect.NativeMethodAccessorImpl.invoke0(Native Method)
	at sun.reflect.NativeMethodAccessorImpl.invoke(NativeMethodAccessorImpl.java:57)
	at sun.reflect.DelegatingMethodAccessorImpl.invoke(DelegatingMethodAccessorImpl.java:43)
	at java.lang.reflect.Method.invoke(Method.java:606)
	at org.springsource.loaded.ri.OriginalClassInvoker.invoke(OriginalClassInvoker.java:47)
	at org.springsource.loaded.ri.ReflectiveInterceptor.jlrMethodInvoke(ReflectiveInterceptor.java:1299)
	at org.codehaus.groovy.reflection.CachedMethod.invoke(CachedMethod.java:90)
	at groovy.lang.MetaMethod.doMethodInvoke(MetaMethod.java:324)
	at groovy.lang.MetaClassImpl.invokeMethod(MetaClassImpl.java:1207)
	at groovy.lang.ExpandoMetaClass.invokeMethod(ExpandoMetaClass.java:1121)
	at groovy.lang.MetaClassImpl.invokeMethod(MetaClassImpl.java:1016)
	at groovy.lang.MetaClassImpl.invokeMethod(MetaClassImpl.java:1152)
	at groovy.lang.ExpandoMetaClass.invokeMethod(ExpandoMetaClass.java:1121)
	at groovy.lang.MetaClassImpl.invokeMethod(MetaClassImpl.java:1016)
	at org.codehaus.groovy.runtime.callsite.PogoMetaClassSite.callCurrent(PogoMetaClassSite.java:66)
	at org.codehaus.groovy.runtime.callsite.CallSiteArray.defaultCallCurrent(CallSiteArray.java:49)
	at org.codehaus.groovy.runtime.callsite.AbstractCallSite.callCurrent(AbstractCallSite.java:151)
	at org.codehaus.groovy.runtime.callsite.AbstractCallSite.callCurrent(AbstractCallSite.java:179)
	at ScaffoldingGrailsPlugin$_closure3.doCall(ScaffoldingGrailsPlugin.groovy:105)
	at sun.reflect.NativeMethodAccessorImpl.invoke0(Native Method)
	at sun.reflect.NativeMethodAccessorImpl.invoke(NativeMethodAccessorImpl.java:57)
	at sun.reflect.DelegatingMethodAccessorImpl.invoke(DelegatingMethodAccessorImpl.java:43)
	at java.lang.reflect.Method.invoke(Method.java:606)
	at org.springsource.loaded.ri.OriginalClassInvoker.invoke(OriginalClassInvoker.java:47)
	at org.springsource.loaded.ri.ReflectiveInterceptor.jlrMethodInvoke(ReflectiveInterceptor.java:1299)
	at org.codehaus.groovy.reflection.CachedMethod.invoke(CachedMethod.java:90)
	at groovy.lang.MetaMethod.doMethodInvoke(MetaMethod.java:324)
	at groovy.lang.MetaClassImpl.invokeMethod(MetaClassImpl.java:1207)
	at groovy.lang.ExpandoMetaClass.invokeMethod(ExpandoMetaClass.java:1121)
	at groovy.lang.MetaClassImpl.invokeMethod(MetaClassImpl.java:1016)
	at groovy.lang.Closure.call(Closure.java:423)
	at ScaffoldingGrailsPlugin$_closure3.call(ScaffoldingGrailsPlugin.groovy)
	at org.codehaus.groovy.grails.plugins.DefaultGrailsPlugin.invokeOnChangeListener(DefaultGrailsPlugin.java:767)
	at org.codehaus.groovy.grails.plugins.DefaultGrailsPlugin.notifyOfEvent(DefaultGrailsPlugin.java:716)
	at org.codehaus.groovy.grails.plugins.DefaultGrailsPluginManager.informObservers(DefaultGrailsPluginManager.java:242)
	at org.codehaus.groovy.grails.plugins.DefaultGrailsPlugin.notifyOfEvent(DefaultGrailsPlugin.java:732)
	at org.codehaus.groovy.grails.plugins.AbstractGrailsPluginManager.informOfClassChange(AbstractGrailsPluginManager.java:408)
	at org.codehaus.groovy.grails.plugins.AbstractGrailsPluginManager.informOfFileChange(AbstractGrailsPluginManager.java:366)
	at org.codehaus.groovy.grails.project.compiler.GrailsProjectWatcher.informPluginManager(GrailsProjectWatcher.java:226)
	at org.codehaus.groovy.grails.project.compiler.GrailsProjectWatcher.access$400(GrailsProjectWatcher.java:48)
	at org.codehaus.groovy.grails.project.compiler.GrailsProjectWatcher$1.onNew(GrailsProjectWatcher.java:152)
	at org.codehaus.groovy.grails.compiler.AbstractDirectoryWatcher.fireOnNew(AbstractDirectoryWatcher.java:76)
	at org.codehaus.groovy.grails.compiler.WatchServiceDirectoryWatcher.run(WatchServiceDirectoryWatcher.java:104)
	at org.codehaus.groovy.grails.compiler.DirectoryWatcher.run(DirectoryWatcher.java:154)
	at org.codehaus.groovy.grails.project.compiler.GrailsProjectWatcher.run(GrailsProjectWatcher.java:161)
2015-07-31 12:56:27,412 [Thread-13] ERROR StackTrace  - Full Stack Trace:
java.lang.NullPointerException: Cannot invoke method getPropertyValue() on null object
	at ScaffoldingGrailsPlugin.configureScaffoldingController(ScaffoldingGrailsPlugin.groovy:120)
	at ScaffoldingGrailsPlugin$_closure3.doCall(ScaffoldingGrailsPlugin.groovy:105)
2015-07-31 12:56:27,413 [Thread-13] ERROR StackTrace  - Full Stack Trace:
java.lang.NullPointerException: Cannot invoke method getPropertyValue() on null object
	at ScaffoldingGrailsPlugin.configureScaffoldingController(ScaffoldingGrailsPlugin.groovy:120)
	at ScaffoldingGrailsPlugin$_closure3.doCall(ScaffoldingGrailsPlugin.groovy:105)
2015-07-31 12:56:27,413 [Thread-13] ERROR StackTrace  - Full Stack Trace:
java.lang.NullPointerException: Cannot invoke method getPropertyValue() on null object
	at ScaffoldingGrailsPlugin.configureScaffoldingController(ScaffoldingGrailsPlugin.groovy:120)
	at ScaffoldingGrailsPlugin$_closure3.doCall(ScaffoldingGrailsPlugin.groovy:105)
2015-07-31 12:56:32,929 [Thread-13] ERROR StackTrace  - Full Stack Trace:
java.lang.NullPointerException: Cannot invoke method getPropertyValue() on null object
	at org.codehaus.groovy.runtime.NullObject.invokeMethod(NullObject.java:88)
	at org.codehaus.groovy.runtime.callsite.PogoMetaClassSite.call(PogoMetaClassSite.java:45)
	at org.codehaus.groovy.runtime.callsite.CallSiteArray.defaultCall(CallSiteArray.java:45)
	at org.codehaus.groovy.runtime.callsite.NullCallSite.call(NullCallSite.java:32)
	at org.codehaus.groovy.runtime.callsite.CallSiteArray.defaultCall(CallSiteArray.java:45)
	at org.codehaus.groovy.runtime.callsite.PogoMetaClassSite.call(PogoMetaClassSite.java:54)
	at org.codehaus.groovy.runtime.callsite.AbstractCallSite.call(AbstractCallSite.java:130)
	at ScaffoldingGrailsPlugin.configureScaffoldingController(ScaffoldingGrailsPlugin.groovy:120)
	at sun.reflect.NativeMethodAccessorImpl.invoke0(Native Method)
	at sun.reflect.NativeMethodAccessorImpl.invoke(NativeMethodAccessorImpl.java:57)
	at sun.reflect.DelegatingMethodAccessorImpl.invoke(DelegatingMethodAccessorImpl.java:43)
	at java.lang.reflect.Method.invoke(Method.java:606)
	at org.springsource.loaded.ri.OriginalClassInvoker.invoke(OriginalClassInvoker.java:47)
	at org.springsource.loaded.ri.ReflectiveInterceptor.jlrMethodInvoke(ReflectiveInterceptor.java:1299)
	at org.codehaus.groovy.reflection.CachedMethod.invoke(CachedMethod.java:90)
	at groovy.lang.MetaMethod.doMethodInvoke(MetaMethod.java:324)
	at groovy.lang.MetaClassImpl.invokeMethod(MetaClassImpl.java:1207)
	at groovy.lang.ExpandoMetaClass.invokeMethod(ExpandoMetaClass.java:1121)
	at groovy.lang.MetaClassImpl.invokeMethod(MetaClassImpl.java:1016)
	at groovy.lang.MetaClassImpl.invokeMethod(MetaClassImpl.java:1152)
	at groovy.lang.ExpandoMetaClass.invokeMethod(ExpandoMetaClass.java:1121)
	at groovy.lang.MetaClassImpl.invokeMethod(MetaClassImpl.java:1016)
	at org.codehaus.groovy.runtime.callsite.PogoMetaClassSite.callCurrent(PogoMetaClassSite.java:66)
	at org.codehaus.groovy.runtime.callsite.AbstractCallSite.callCurrent(AbstractCallSite.java:179)
	at ScaffoldingGrailsPlugin$_closure3.doCall(ScaffoldingGrailsPlugin.groovy:105)
	at sun.reflect.NativeMethodAccessorImpl.invoke0(Native Method)
	at sun.reflect.NativeMethodAccessorImpl.invoke(NativeMethodAccessorImpl.java:57)
	at sun.reflect.DelegatingMethodAccessorImpl.invoke(DelegatingMethodAccessorImpl.java:43)
	at java.lang.reflect.Method.invoke(Method.java:606)
	at org.springsource.loaded.ri.OriginalClassInvoker.invoke(OriginalClassInvoker.java:47)
	at org.springsource.loaded.ri.ReflectiveInterceptor.jlrMethodInvoke(ReflectiveInterceptor.java:1299)
	at org.codehaus.groovy.reflection.CachedMethod.invoke(CachedMethod.java:90)
	at groovy.lang.MetaMethod.doMethodInvoke(MetaMethod.java:324)
	at groovy.lang.MetaClassImpl.invokeMethod(MetaClassImpl.java:1207)
	at groovy.lang.ExpandoMetaClass.invokeMethod(ExpandoMetaClass.java:1121)
	at groovy.lang.MetaClassImpl.invokeMethod(MetaClassImpl.java:1016)
	at groovy.lang.Closure.call(Closure.java:423)
	at ScaffoldingGrailsPlugin$_closure3.call(ScaffoldingGrailsPlugin.groovy)
	at org.codehaus.groovy.grails.plugins.DefaultGrailsPlugin.invokeOnChangeListener(DefaultGrailsPlugin.java:767)
	at org.codehaus.groovy.grails.plugins.DefaultGrailsPlugin.notifyOfEvent(DefaultGrailsPlugin.java:716)
	at org.codehaus.groovy.grails.plugins.DefaultGrailsPluginManager.informObservers(DefaultGrailsPluginManager.java:242)
	at org.codehaus.groovy.grails.plugins.DefaultGrailsPlugin.notifyOfEvent(DefaultGrailsPlugin.java:732)
	at org.codehaus.groovy.grails.plugins.AbstractGrailsPluginManager.informOfClassChange(AbstractGrailsPluginManager.java:408)
	at org.codehaus.groovy.grails.plugins.AbstractGrailsPluginManager.informOfFileChange(AbstractGrailsPluginManager.java:366)
	at org.codehaus.groovy.grails.project.compiler.GrailsProjectWatcher.informPluginManager(GrailsProjectWatcher.java:226)
	at org.codehaus.groovy.grails.project.compiler.GrailsProjectWatcher.access$400(GrailsProjectWatcher.java:48)
	at org.codehaus.groovy.grails.project.compiler.GrailsProjectWatcher$1.onNew(GrailsProjectWatcher.java:152)
	at org.codehaus.groovy.grails.compiler.AbstractDirectoryWatcher.fireOnNew(AbstractDirectoryWatcher.java:76)
	at org.codehaus.groovy.grails.compiler.WatchServiceDirectoryWatcher.run(WatchServiceDirectoryWatcher.java:104)
	at org.codehaus.groovy.grails.compiler.DirectoryWatcher.run(DirectoryWatcher.java:154)
	at org.codehaus.groovy.grails.project.compiler.GrailsProjectWatcher.run(GrailsProjectWatcher.java:161)
2015-07-31 12:56:32,930 [Thread-13] ERROR StackTrace  - Full Stack Trace:
java.lang.NullPointerException: Cannot invoke method getPropertyValue() on null object
	at ScaffoldingGrailsPlugin.configureScaffoldingController(ScaffoldingGrailsPlugin.groovy:120)
	at ScaffoldingGrailsPlugin$_closure3.doCall(ScaffoldingGrailsPlugin.groovy:105)
2015-07-31 12:56:32,930 [Thread-13] ERROR StackTrace  - Full Stack Trace:
java.lang.NullPointerException: Cannot invoke method getPropertyValue() on null object
	at ScaffoldingGrailsPlugin.configureScaffoldingController(ScaffoldingGrailsPlugin.groovy:120)
	at ScaffoldingGrailsPlugin$_closure3.doCall(ScaffoldingGrailsPlugin.groovy:105)
2015-07-31 12:56:32,930 [Thread-13] ERROR StackTrace  - Full Stack Trace:
java.lang.NullPointerException: Cannot invoke method getPropertyValue() on null object
	at ScaffoldingGrailsPlugin.configureScaffoldingController(ScaffoldingGrailsPlugin.groovy:120)
	at ScaffoldingGrailsPlugin$_closure3.doCall(ScaffoldingGrailsPlugin.groovy:105)
2015-07-31 12:56:38,436 [Thread-13] ERROR StackTrace  - Full Stack Trace:
java.lang.NullPointerException: Cannot invoke method getPropertyValue() on null object
	at org.codehaus.groovy.runtime.NullObject.invokeMethod(NullObject.java:88)
	at org.codehaus.groovy.runtime.callsite.PogoMetaClassSite.call(PogoMetaClassSite.java:45)
	at org.codehaus.groovy.runtime.callsite.CallSiteArray.defaultCall(CallSiteArray.java:45)
	at org.codehaus.groovy.runtime.callsite.NullCallSite.call(NullCallSite.java:32)
	at org.codehaus.groovy.runtime.callsite.CallSiteArray.defaultCall(CallSiteArray.java:45)
	at org.codehaus.groovy.runtime.callsite.PogoMetaClassSite.call(PogoMetaClassSite.java:54)
	at org.codehaus.groovy.runtime.callsite.AbstractCallSite.call(AbstractCallSite.java:130)
	at ScaffoldingGrailsPlugin.configureScaffoldingController(ScaffoldingGrailsPlugin.groovy:120)
	at sun.reflect.NativeMethodAccessorImpl.invoke0(Native Method)
	at sun.reflect.NativeMethodAccessorImpl.invoke(NativeMethodAccessorImpl.java:57)
	at sun.reflect.DelegatingMethodAccessorImpl.invoke(DelegatingMethodAccessorImpl.java:43)
	at java.lang.reflect.Method.invoke(Method.java:606)
	at org.springsource.loaded.ri.OriginalClassInvoker.invoke(OriginalClassInvoker.java:47)
	at org.springsource.loaded.ri.ReflectiveInterceptor.jlrMethodInvoke(ReflectiveInterceptor.java:1299)
	at org.codehaus.groovy.reflection.CachedMethod.invoke(CachedMethod.java:90)
	at groovy.lang.MetaMethod.doMethodInvoke(MetaMethod.java:324)
	at groovy.lang.MetaClassImpl.invokeMethod(MetaClassImpl.java:1207)
	at groovy.lang.ExpandoMetaClass.invokeMethod(ExpandoMetaClass.java:1121)
	at groovy.lang.MetaClassImpl.invokeMethod(MetaClassImpl.java:1016)
	at groovy.lang.MetaClassImpl.invokeMethod(MetaClassImpl.java:1152)
	at groovy.lang.ExpandoMetaClass.invokeMethod(ExpandoMetaClass.java:1121)
	at groovy.lang.MetaClassImpl.invokeMethod(MetaClassImpl.java:1016)
	at org.codehaus.groovy.runtime.callsite.PogoMetaClassSite.callCurrent(PogoMetaClassSite.java:66)
	at org.codehaus.groovy.runtime.callsite.AbstractCallSite.callCurrent(AbstractCallSite.java:179)
	at ScaffoldingGrailsPlugin$_closure3.doCall(ScaffoldingGrailsPlugin.groovy:105)
	at sun.reflect.NativeMethodAccessorImpl.invoke0(Native Method)
	at sun.reflect.NativeMethodAccessorImpl.invoke(NativeMethodAccessorImpl.java:57)
	at sun.reflect.DelegatingMethodAccessorImpl.invoke(DelegatingMethodAccessorImpl.java:43)
	at java.lang.reflect.Method.invoke(Method.java:606)
	at org.springsource.loaded.ri.OriginalClassInvoker.invoke(OriginalClassInvoker.java:47)
	at org.springsource.loaded.ri.ReflectiveInterceptor.jlrMethodInvoke(ReflectiveInterceptor.java:1299)
	at org.codehaus.groovy.reflection.CachedMethod.invoke(CachedMethod.java:90)
	at groovy.lang.MetaMethod.doMethodInvoke(MetaMethod.java:324)
	at groovy.lang.MetaClassImpl.invokeMethod(MetaClassImpl.java:1207)
	at groovy.lang.ExpandoMetaClass.invokeMethod(ExpandoMetaClass.java:1121)
	at groovy.lang.MetaClassImpl.invokeMethod(MetaClassImpl.java:1016)
	at groovy.lang.Closure.call(Closure.java:423)
	at ScaffoldingGrailsPlugin$_closure3.call(ScaffoldingGrailsPlugin.groovy)
	at org.codehaus.groovy.grails.plugins.DefaultGrailsPlugin.invokeOnChangeListener(DefaultGrailsPlugin.java:767)
	at org.codehaus.groovy.grails.plugins.DefaultGrailsPlugin.notifyOfEvent(DefaultGrailsPlugin.java:716)
	at org.codehaus.groovy.grails.plugins.DefaultGrailsPluginManager.informObservers(DefaultGrailsPluginManager.java:242)
	at org.codehaus.groovy.grails.plugins.DefaultGrailsPlugin.notifyOfEvent(DefaultGrailsPlugin.java:732)
	at org.codehaus.groovy.grails.plugins.AbstractGrailsPluginManager.informOfClassChange(AbstractGrailsPluginManager.java:408)
	at org.codehaus.groovy.grails.plugins.AbstractGrailsPluginManager.informOfFileChange(AbstractGrailsPluginManager.java:366)
	at org.codehaus.groovy.grails.project.compiler.GrailsProjectWatcher.informPluginManager(GrailsProjectWatcher.java:226)
	at org.codehaus.groovy.grails.project.compiler.GrailsProjectWatcher.access$400(GrailsProjectWatcher.java:48)
	at org.codehaus.groovy.grails.project.compiler.GrailsProjectWatcher$1.onNew(GrailsProjectWatcher.java:152)
	at org.codehaus.groovy.grails.compiler.AbstractDirectoryWatcher.fireOnNew(AbstractDirectoryWatcher.java:76)
	at org.codehaus.groovy.grails.compiler.WatchServiceDirectoryWatcher.run(WatchServiceDirectoryWatcher.java:104)
	at org.codehaus.groovy.grails.compiler.DirectoryWatcher.run(DirectoryWatcher.java:154)
	at org.codehaus.groovy.grails.project.compiler.GrailsProjectWatcher.run(GrailsProjectWatcher.java:161)
2015-07-31 12:56:38,442 [Thread-13] ERROR StackTrace  - Full Stack Trace:
java.lang.NullPointerException: Cannot invoke method getPropertyValue() on null object
	at ScaffoldingGrailsPlugin.configureScaffoldingController(ScaffoldingGrailsPlugin.groovy:120)
	at ScaffoldingGrailsPlugin$_closure3.doCall(ScaffoldingGrailsPlugin.groovy:105)
2015-07-31 12:56:38,442 [Thread-13] ERROR StackTrace  - Full Stack Trace:
java.lang.NullPointerException: Cannot invoke method getPropertyValue() on null object
	at ScaffoldingGrailsPlugin.configureScaffoldingController(ScaffoldingGrailsPlugin.groovy:120)
	at ScaffoldingGrailsPlugin$_closure3.doCall(ScaffoldingGrailsPlugin.groovy:105)
2015-07-31 12:56:38,443 [Thread-13] ERROR StackTrace  - Full Stack Trace:
java.lang.NullPointerException: Cannot invoke method getPropertyValue() on null object
	at ScaffoldingGrailsPlugin.configureScaffoldingController(ScaffoldingGrailsPlugin.groovy:120)
	at ScaffoldingGrailsPlugin$_closure3.doCall(ScaffoldingGrailsPlugin.groovy:105)
2015-07-31 12:56:38,917 [FileSystemWatcher: files=#75 cl=java.net.URLClassLoader@7c24d3f1] ERROR StackTrace  - Full Stack Trace:
java.lang.NullPointerException: Cannot invoke method getPropertyValue() on null object
	at org.codehaus.groovy.runtime.NullObject.invokeMethod(NullObject.java:88)
	at org.codehaus.groovy.runtime.callsite.PogoMetaClassSite.call(PogoMetaClassSite.java:45)
	at org.codehaus.groovy.runtime.callsite.CallSiteArray.defaultCall(CallSiteArray.java:45)
	at org.codehaus.groovy.runtime.callsite.NullCallSite.call(NullCallSite.java:32)
	at org.codehaus.groovy.runtime.callsite.CallSiteArray.defaultCall(CallSiteArray.java:45)
	at org.codehaus.groovy.runtime.callsite.PogoMetaClassSite.call(PogoMetaClassSite.java:54)
	at org.codehaus.groovy.runtime.callsite.AbstractCallSite.call(AbstractCallSite.java:130)
	at ScaffoldingGrailsPlugin.configureScaffoldingController(ScaffoldingGrailsPlugin.groovy:120)
	at sun.reflect.NativeMethodAccessorImpl.invoke0(Native Method)
	at sun.reflect.NativeMethodAccessorImpl.invoke(NativeMethodAccessorImpl.java:57)
	at sun.reflect.DelegatingMethodAccessorImpl.invoke(DelegatingMethodAccessorImpl.java:43)
	at java.lang.reflect.Method.invoke(Method.java:606)
	at org.springsource.loaded.ri.OriginalClassInvoker.invoke(OriginalClassInvoker.java:47)
	at org.springsource.loaded.ri.ReflectiveInterceptor.jlrMethodInvoke(ReflectiveInterceptor.java:1299)
	at org.codehaus.groovy.reflection.CachedMethod.invoke(CachedMethod.java:90)
	at groovy.lang.MetaMethod.doMethodInvoke(MetaMethod.java:324)
	at groovy.lang.MetaClassImpl.invokeMethod(MetaClassImpl.java:1207)
	at groovy.lang.ExpandoMetaClass.invokeMethod(ExpandoMetaClass.java:1121)
	at groovy.lang.MetaClassImpl.invokeMethod(MetaClassImpl.java:1016)
	at groovy.lang.MetaClassImpl.invokeMethod(MetaClassImpl.java:1152)
	at groovy.lang.ExpandoMetaClass.invokeMethod(ExpandoMetaClass.java:1121)
	at groovy.lang.MetaClassImpl.invokeMethod(MetaClassImpl.java:1016)
	at org.codehaus.groovy.runtime.callsite.PogoMetaClassSite.callCurrent(PogoMetaClassSite.java:66)
	at org.codehaus.groovy.runtime.callsite.AbstractCallSite.callCurrent(AbstractCallSite.java:179)
	at ScaffoldingGrailsPlugin$_closure3.doCall(ScaffoldingGrailsPlugin.groovy:105)
	at sun.reflect.NativeMethodAccessorImpl.invoke0(Native Method)
	at sun.reflect.NativeMethodAccessorImpl.invoke(NativeMethodAccessorImpl.java:57)
	at sun.reflect.DelegatingMethodAccessorImpl.invoke(DelegatingMethodAccessorImpl.java:43)
	at java.lang.reflect.Method.invoke(Method.java:606)
	at org.springsource.loaded.ri.OriginalClassInvoker.invoke(OriginalClassInvoker.java:47)
	at org.springsource.loaded.ri.ReflectiveInterceptor.jlrMethodInvoke(ReflectiveInterceptor.java:1299)
	at org.codehaus.groovy.reflection.CachedMethod.invoke(CachedMethod.java:90)
	at groovy.lang.MetaMethod.doMethodInvoke(MetaMethod.java:324)
	at groovy.lang.MetaClassImpl.invokeMethod(MetaClassImpl.java:1207)
	at groovy.lang.ExpandoMetaClass.invokeMethod(ExpandoMetaClass.java:1121)
	at groovy.lang.MetaClassImpl.invokeMethod(MetaClassImpl.java:1016)
	at groovy.lang.Closure.call(Closure.java:423)
	at ScaffoldingGrailsPlugin$_closure3.call(ScaffoldingGrailsPlugin.groovy)
	at org.codehaus.groovy.grails.plugins.DefaultGrailsPlugin.invokeOnChangeListener(DefaultGrailsPlugin.java:767)
	at org.codehaus.groovy.grails.plugins.DefaultGrailsPlugin.notifyOfEvent(DefaultGrailsPlugin.java:716)
	at org.codehaus.groovy.grails.plugins.DefaultGrailsPluginManager.informObservers(DefaultGrailsPluginManager.java:242)
	at org.codehaus.groovy.grails.plugins.DefaultGrailsPlugin.notifyOfEvent(DefaultGrailsPlugin.java:732)
	at org.codehaus.groovy.grails.plugins.AbstractGrailsPluginManager.informOfClassChange(AbstractGrailsPluginManager.java:408)
	at org.codehaus.groovy.grails.project.compiler.GrailsProjectWatcher$2.run(GrailsProjectWatcher.java:246)
	at org.codehaus.groovy.grails.project.compiler.GrailsProjectWatcher.firePendingClassChangeEvents(GrailsProjectWatcher.java:107)
	at org.codehaus.groovy.grails.cli.agent.GrailsPluginManagerReloadPlugin.reloadEvent(GrailsPluginManagerReloadPlugin.java:42)
	at org.springsource.loaded.TypeRegistry.fireReloadEvent(TypeRegistry.java:1794)
	at org.springsource.loaded.ReloadableType.loadNewVersion(ReloadableType.java:417)
	at org.springsource.loaded.TypeRegistry.loadNewVersion(TypeRegistry.java:845)
	at org.springsource.loaded.agent.ReloadableFileChangeListener.fileChanged(ReloadableFileChangeListener.java:51)
	at org.springsource.loaded.agent.Watcher.determineChangesSince(FileSystemWatcher.java:235)
	at org.springsource.loaded.agent.Watcher.run(FileSystemWatcher.java:219)
	at java.lang.Thread.run(Thread.java:745)
2015-07-31 12:56:38,923 [FileSystemWatcher: files=#75 cl=java.net.URLClassLoader@7c24d3f1] ERROR StackTrace  - Full Stack Trace:
java.lang.NullPointerException: Cannot invoke method getPropertyValue() on null object
	at ScaffoldingGrailsPlugin.configureScaffoldingController(ScaffoldingGrailsPlugin.groovy:120)
	at ScaffoldingGrailsPlugin$_closure3.doCall(ScaffoldingGrailsPlugin.groovy:105)
	at java.lang.Thread.run(Thread.java:745)
2015-07-31 12:56:38,923 [FileSystemWatcher: files=#75 cl=java.net.URLClassLoader@7c24d3f1] ERROR StackTrace  - Full Stack Trace:
java.lang.NullPointerException: Cannot invoke method getPropertyValue() on null object
	at ScaffoldingGrailsPlugin.configureScaffoldingController(ScaffoldingGrailsPlugin.groovy:120)
	at ScaffoldingGrailsPlugin$_closure3.doCall(ScaffoldingGrailsPlugin.groovy:105)
	at java.lang.Thread.run(Thread.java:745)
2015-07-31 12:56:38,923 [FileSystemWatcher: files=#75 cl=java.net.URLClassLoader@7c24d3f1] ERROR StackTrace  - Full Stack Trace:
java.lang.NullPointerException: Cannot invoke method getPropertyValue() on null object
	at ScaffoldingGrailsPlugin.configureScaffoldingController(ScaffoldingGrailsPlugin.groovy:120)
	at ScaffoldingGrailsPlugin$_closure3.doCall(ScaffoldingGrailsPlugin.groovy:105)
	at java.lang.Thread.run(Thread.java:745)
2015-07-31 12:56:39,492 [FileSystemWatcher: files=#113 cl=groovy.lang.GroovyClassLoader@614aac1] ERROR StackTrace  - Full Stack Trace:
BUG! exception in phase 'canonicalization' in source unit 'script14383689991551962869230.groovy' unexpected NullpointerException
	at org.codehaus.groovy.control.CompilationUnit.applyToPrimaryClassNodes(CompilationUnit.java:1057)
	at org.codehaus.groovy.control.CompilationUnit.doPhaseOperation(CompilationUnit.java:588)
	at org.codehaus.groovy.control.CompilationUnit.processPhaseOperations(CompilationUnit.java:566)
	at org.codehaus.groovy.control.CompilationUnit.compile(CompilationUnit.java:543)
	at groovy.lang.GroovyClassLoader.doParseClass(GroovyClassLoader.java:297)
	at groovy.lang.GroovyClassLoader.parseClass(GroovyClassLoader.java:267)
	at groovy.lang.GroovyClassLoader.parseClass(GroovyClassLoader.java:253)
	at groovy.lang.GroovyClassLoader.parseClass(GroovyClassLoader.java:211)
	at groovy.lang.GroovyClassLoader.parseClass(GroovyClassLoader.java:221)
	at groovy.lang.GroovyClassLoader$parseClass$0.call(Unknown Source)
	at ScaffoldingGrailsPlugin.createScaffoldedInstance(ScaffoldingGrailsPlugin.groovy:184)
	at sun.reflect.NativeMethodAccessorImpl.invoke0(Native Method)
	at sun.reflect.NativeMethodAccessorImpl.invoke(NativeMethodAccessorImpl.java:57)
	at sun.reflect.DelegatingMethodAccessorImpl.invoke(DelegatingMethodAccessorImpl.java:43)
	at java.lang.reflect.Method.invoke(Method.java:606)
	at org.springsource.loaded.ri.OriginalClassInvoker.invoke(OriginalClassInvoker.java:47)
	at org.springsource.loaded.ri.ReflectiveInterceptor.jlrMethodInvoke(ReflectiveInterceptor.java:1299)
	at org.codehaus.groovy.runtime.callsite.PogoMetaMethodSite$PogoCachedMethodSiteNoUnwrapNoCoerce.invoke(PogoMetaMethodSite.java:207)
	at org.codehaus.groovy.runtime.callsite.PogoMetaMethodSite.callCurrent(PogoMetaMethodSite.java:56)
	at org.codehaus.groovy.runtime.callsite.AbstractCallSite.callCurrent(AbstractCallSite.java:171)
	at ScaffoldingGrailsPlugin.configureScaffoldingController(ScaffoldingGrailsPlugin.groovy:139)
	at sun.reflect.NativeMethodAccessorImpl.invoke0(Native Method)
	at sun.reflect.NativeMethodAccessorImpl.invoke(NativeMethodAccessorImpl.java:57)
	at sun.reflect.DelegatingMethodAccessorImpl.invoke(DelegatingMethodAccessorImpl.java:43)
	at java.lang.reflect.Method.invoke(Method.java:606)
	at org.springsource.loaded.ri.OriginalClassInvoker.invoke(OriginalClassInvoker.java:47)
	at org.springsource.loaded.ri.ReflectiveInterceptor.jlrMethodInvoke(ReflectiveInterceptor.java:1299)
	at org.codehaus.groovy.reflection.CachedMethod.invoke(CachedMethod.java:90)
	at groovy.lang.MetaMethod.doMethodInvoke(MetaMethod.java:324)
	at groovy.lang.MetaClassImpl.invokeMethod(MetaClassImpl.java:1207)
	at groovy.lang.ExpandoMetaClass.invokeMethod(ExpandoMetaClass.java:1121)
	at groovy.lang.MetaClassImpl.invokeMethod(MetaClassImpl.java:1016)
	at groovy.lang.MetaClassImpl.invokeMethod(MetaClassImpl.java:1152)
	at groovy.lang.ExpandoMetaClass.invokeMethod(ExpandoMetaClass.java:1121)
	at groovy.lang.MetaClassImpl.invokeMethod(MetaClassImpl.java:1016)
	at org.codehaus.groovy.runtime.callsite.PogoMetaClassSite.callCurrent(PogoMetaClassSite.java:66)
	at org.codehaus.groovy.runtime.callsite.AbstractCallSite.callCurrent(AbstractCallSite.java:179)
	at ScaffoldingGrailsPlugin$_closure3.doCall(ScaffoldingGrailsPlugin.groovy:105)
	at sun.reflect.NativeMethodAccessorImpl.invoke0(Native Method)
	at sun.reflect.NativeMethodAccessorImpl.invoke(NativeMethodAccessorImpl.java:57)
	at sun.reflect.DelegatingMethodAccessorImpl.invoke(DelegatingMethodAccessorImpl.java:43)
	at java.lang.reflect.Method.invoke(Method.java:606)
	at org.springsource.loaded.ri.OriginalClassInvoker.invoke(OriginalClassInvoker.java:47)
	at org.springsource.loaded.ri.ReflectiveInterceptor.jlrMethodInvoke(ReflectiveInterceptor.java:1299)
	at org.codehaus.groovy.reflection.CachedMethod.invoke(CachedMethod.java:90)
	at groovy.lang.MetaMethod.doMethodInvoke(MetaMethod.java:324)
	at groovy.lang.MetaClassImpl.invokeMethod(MetaClassImpl.java:1207)
	at groovy.lang.ExpandoMetaClass.invokeMethod(ExpandoMetaClass.java:1121)
	at groovy.lang.MetaClassImpl.invokeMethod(MetaClassImpl.java:1016)
	at groovy.lang.Closure.call(Closure.java:423)
	at ScaffoldingGrailsPlugin$_closure3.call(ScaffoldingGrailsPlugin.groovy)
	at org.codehaus.groovy.grails.plugins.DefaultGrailsPlugin.invokeOnChangeListener(DefaultGrailsPlugin.java:767)
	at org.codehaus.groovy.grails.plugins.DefaultGrailsPlugin.notifyOfEvent(DefaultGrailsPlugin.java:716)
	at org.codehaus.groovy.grails.plugins.DefaultGrailsPluginManager.informObservers(DefaultGrailsPluginManager.java:242)
	at org.codehaus.groovy.grails.plugins.DefaultGrailsPlugin.notifyOfEvent(DefaultGrailsPlugin.java:732)
	at org.codehaus.groovy.grails.plugins.AbstractGrailsPluginManager.informOfClassChange(AbstractGrailsPluginManager.java:408)
	at org.codehaus.groovy.grails.project.compiler.GrailsProjectWatcher$2.run(GrailsProjectWatcher.java:246)
	at org.codehaus.groovy.grails.project.compiler.GrailsProjectWatcher.firePendingClassChangeEvents(GrailsProjectWatcher.java:107)
	at org.codehaus.groovy.grails.cli.agent.GrailsPluginManagerReloadPlugin.reloadEvent(GrailsPluginManagerReloadPlugin.java:42)
	at org.springsource.loaded.TypeRegistry.fireReloadEvent(TypeRegistry.java:1794)
	at org.springsource.loaded.ReloadableType.loadNewVersion(ReloadableType.java:417)
	at org.springsource.loaded.TypeRegistry.loadNewVersion(TypeRegistry.java:845)
	at org.springsource.loaded.agent.ReloadableFileChangeListener.fileChanged(ReloadableFileChangeListener.java:51)
	at org.springsource.loaded.agent.Watcher.determineChangesSince(FileSystemWatcher.java:235)
	at org.springsource.loaded.agent.Watcher.run(FileSystemWatcher.java:219)
	at java.lang.Thread.run(Thread.java:745)
Caused by: java.lang.NullPointerException
	at org.springsource.loaded.ri.ReflectiveInterceptor.jlrMethodGetParameterAnnotations(ReflectiveInterceptor.java:960)
	at org.codehaus.groovy.vmplugin.v5.Java5.configureClassNode(Java5.java:363)
	at org.codehaus.groovy.ast.ClassNode.lazyClassInit(ClassNode.java:262)
	at org.codehaus.groovy.ast.ClassNode.getUnresolvedSuperClass(ClassNode.java:1001)
	at org.codehaus.groovy.ast.ClassNode.getUnresolvedSuperClass(ClassNode.java:996)
	at org.codehaus.groovy.ast.ClassNode.getSuperClass(ClassNode.java:990)
	at org.codehaus.groovy.ast.ClassNode.isDerivedFrom(ClassNode.java:933)
	at org.codehaus.groovy.grails.compiler.web.ControllerActionTransformer.isExceptionHandlingMethod(ControllerActionTransformer.java:219)
	at org.codehaus.groovy.grails.compiler.web.ControllerActionTransformer.methodShouldBeConfiguredAsControllerAction(ControllerActionTransformer.java:286)
	at org.codehaus.groovy.grails.compiler.web.ControllerActionTransformer.processMethods(ControllerActionTransformer.java:230)
	at org.codehaus.groovy.grails.compiler.web.ControllerActionTransformer.performInjectionOnAnnotatedClass(ControllerActionTransformer.java:203)
	at org.codehaus.groovy.grails.compiler.injection.AbstractArtefactTypeAstTransformation.performInjectionOnArtefactType(AbstractArtefactTypeAstTransformation.java:46)
	at org.codehaus.groovy.grails.compiler.injection.NamedArtefactTypeAstTransformation.visit(NamedArtefactTypeAstTransformation.java:41)
	at org.codehaus.groovy.transform.ASTTransformation$visit.call(Unknown Source)
	at org.codehaus.groovy.control.customizers.ASTTransformationCustomizer.call(ASTTransformationCustomizer.groovy:295)
	at org.codehaus.groovy.control.CompilationUnit.applyToPrimaryClassNodes(CompilationUnit.java:1052)
	... 65 more
2015-07-31 12:56:39,516 [FileSystemWatcher: files=#113 cl=groovy.lang.GroovyClassLoader@614aac1] ERROR StackTrace  - Full Stack Trace:
java.lang.NullPointerException
	at org.springsource.loaded.ri.ReflectiveInterceptor.jlrMethodGetParameterAnnotations(ReflectiveInterceptor.java:960)
	at org.codehaus.groovy.vmplugin.v5.Java5.configureClassNode(Java5.java:363)
	at org.codehaus.groovy.ast.ClassNode.lazyClassInit(ClassNode.java:262)
	at org.codehaus.groovy.ast.ClassNode.getUnresolvedSuperClass(ClassNode.java:1001)
	at org.codehaus.groovy.ast.ClassNode.getUnresolvedSuperClass(ClassNode.java:996)
	at org.codehaus.groovy.ast.ClassNode.getSuperClass(ClassNode.java:990)
	at org.codehaus.groovy.ast.ClassNode.isDerivedFrom(ClassNode.java:933)
	at org.codehaus.groovy.grails.compiler.web.ControllerActionTransformer.isExceptionHandlingMethod(ControllerActionTransformer.java:219)
	at org.codehaus.groovy.grails.compiler.web.ControllerActionTransformer.methodShouldBeConfiguredAsControllerAction(ControllerActionTransformer.java:286)
	at org.codehaus.groovy.grails.compiler.web.ControllerActionTransformer.processMethods(ControllerActionTransformer.java:230)
	at org.codehaus.groovy.grails.compiler.web.ControllerActionTransformer.performInjectionOnAnnotatedClass(ControllerActionTransformer.java:203)
	at org.codehaus.groovy.grails.compiler.injection.AbstractArtefactTypeAstTransformation.performInjectionOnArtefactType(AbstractArtefactTypeAstTransformation.java:46)
	at org.codehaus.groovy.grails.compiler.injection.NamedArtefactTypeAstTransformation.visit(NamedArtefactTypeAstTransformation.java:41)
	at org.codehaus.groovy.transform.ASTTransformation$visit.call(Unknown Source)
	at org.codehaus.groovy.control.customizers.ASTTransformationCustomizer.call(ASTTransformationCustomizer.groovy:295)
	at org.codehaus.groovy.control.CompilationUnit.applyToPrimaryClassNodes(CompilationUnit.java:1052)
	at org.codehaus.groovy.control.CompilationUnit.doPhaseOperation(CompilationUnit.java:588)
	at org.codehaus.groovy.control.CompilationUnit.processPhaseOperations(CompilationUnit.java:566)
	at org.codehaus.groovy.control.CompilationUnit.compile(CompilationUnit.java:543)
	at groovy.lang.GroovyClassLoader.doParseClass(GroovyClassLoader.java:297)
	at groovy.lang.GroovyClassLoader.parseClass(GroovyClassLoader.java:267)
	at groovy.lang.GroovyClassLoader.parseClass(GroovyClassLoader.java:253)
	at groovy.lang.GroovyClassLoader.parseClass(GroovyClassLoader.java:211)
	at groovy.lang.GroovyClassLoader.parseClass(GroovyClassLoader.java:221)
	at groovy.lang.GroovyClassLoader$parseClass$0.call(Unknown Source)
	at ScaffoldingGrailsPlugin.createScaffoldedInstance(ScaffoldingGrailsPlugin.groovy:184)
	at sun.reflect.NativeMethodAccessorImpl.invoke0(Native Method)
	at sun.reflect.NativeMethodAccessorImpl.invoke(NativeMethodAccessorImpl.java:57)
	at sun.reflect.DelegatingMethodAccessorImpl.invoke(DelegatingMethodAccessorImpl.java:43)
	at java.lang.reflect.Method.invoke(Method.java:606)
	at org.springsource.loaded.ri.OriginalClassInvoker.invoke(OriginalClassInvoker.java:47)
	at org.springsource.loaded.ri.ReflectiveInterceptor.jlrMethodInvoke(ReflectiveInterceptor.java:1299)
	at org.codehaus.groovy.runtime.callsite.PogoMetaMethodSite$PogoCachedMethodSiteNoUnwrapNoCoerce.invoke(PogoMetaMethodSite.java:207)
	at org.codehaus.groovy.runtime.callsite.PogoMetaMethodSite.callCurrent(PogoMetaMethodSite.java:56)
	at org.codehaus.groovy.runtime.callsite.AbstractCallSite.callCurrent(AbstractCallSite.java:171)
	at ScaffoldingGrailsPlugin.configureScaffoldingController(ScaffoldingGrailsPlugin.groovy:139)
	at sun.reflect.NativeMethodAccessorImpl.invoke0(Native Method)
	at sun.reflect.NativeMethodAccessorImpl.invoke(NativeMethodAccessorImpl.java:57)
	at sun.reflect.DelegatingMethodAccessorImpl.invoke(DelegatingMethodAccessorImpl.java:43)
	at java.lang.reflect.Method.invoke(Method.java:606)
	at org.springsource.loaded.ri.OriginalClassInvoker.invoke(OriginalClassInvoker.java:47)
	at org.springsource.loaded.ri.ReflectiveInterceptor.jlrMethodInvoke(ReflectiveInterceptor.java:1299)
	at org.codehaus.groovy.reflection.CachedMethod.invoke(CachedMethod.java:90)
	at groovy.lang.MetaMethod.doMethodInvoke(MetaMethod.java:324)
	at groovy.lang.MetaClassImpl.invokeMethod(MetaClassImpl.java:1207)
	at groovy.lang.ExpandoMetaClass.invokeMethod(ExpandoMetaClass.java:1121)
	at groovy.lang.MetaClassImpl.invokeMethod(MetaClassImpl.java:1016)
	at groovy.lang.MetaClassImpl.invokeMethod(MetaClassImpl.java:1152)
	at groovy.lang.ExpandoMetaClass.invokeMethod(ExpandoMetaClass.java:1121)
	at groovy.lang.MetaClassImpl.invokeMethod(MetaClassImpl.java:1016)
	at org.codehaus.groovy.runtime.callsite.PogoMetaClassSite.callCurrent(PogoMetaClassSite.java:66)
	at org.codehaus.groovy.runtime.callsite.AbstractCallSite.callCurrent(AbstractCallSite.java:179)
	at ScaffoldingGrailsPlugin$_closure3.doCall(ScaffoldingGrailsPlugin.groovy:105)
	at sun.reflect.NativeMethodAccessorImpl.invoke0(Native Method)
	at sun.reflect.NativeMethodAccessorImpl.invoke(NativeMethodAccessorImpl.java:57)
	at sun.reflect.DelegatingMethodAccessorImpl.invoke(DelegatingMethodAccessorImpl.java:43)
	at java.lang.reflect.Method.invoke(Method.java:606)
	at org.springsource.loaded.ri.OriginalClassInvoker.invoke(OriginalClassInvoker.java:47)
	at org.springsource.loaded.ri.ReflectiveInterceptor.jlrMethodInvoke(ReflectiveInterceptor.java:1299)
	at org.codehaus.groovy.reflection.CachedMethod.invoke(CachedMethod.java:90)
	at groovy.lang.MetaMethod.doMethodInvoke(MetaMethod.java:324)
	at groovy.lang.MetaClassImpl.invokeMethod(MetaClassImpl.java:1207)
	at groovy.lang.ExpandoMetaClass.invokeMethod(ExpandoMetaClass.java:1121)
	at groovy.lang.MetaClassImpl.invokeMethod(MetaClassImpl.java:1016)
	at groovy.lang.Closure.call(Closure.java:423)
	at ScaffoldingGrailsPlugin$_closure3.call(ScaffoldingGrailsPlugin.groovy)
	at org.codehaus.groovy.grails.plugins.DefaultGrailsPlugin.invokeOnChangeListener(DefaultGrailsPlugin.java:767)
	at org.codehaus.groovy.grails.plugins.DefaultGrailsPlugin.notifyOfEvent(DefaultGrailsPlugin.java:716)
	at org.codehaus.groovy.grails.plugins.DefaultGrailsPluginManager.informObservers(DefaultGrailsPluginManager.java:242)
	at org.codehaus.groovy.grails.plugins.DefaultGrailsPlugin.notifyOfEvent(DefaultGrailsPlugin.java:732)
	at org.codehaus.groovy.grails.plugins.AbstractGrailsPluginManager.informOfClassChange(AbstractGrailsPluginManager.java:408)
	at org.codehaus.groovy.grails.project.compiler.GrailsProjectWatcher$2.run(GrailsProjectWatcher.java:246)
	at org.codehaus.groovy.grails.project.compiler.GrailsProjectWatcher.firePendingClassChangeEvents(GrailsProjectWatcher.java:107)
	at org.codehaus.groovy.grails.cli.agent.GrailsPluginManagerReloadPlugin.reloadEvent(GrailsPluginManagerReloadPlugin.java:42)
	at org.springsource.loaded.TypeRegistry.fireReloadEvent(TypeRegistry.java:1794)
	at org.springsource.loaded.ReloadableType.loadNewVersion(ReloadableType.java:417)
	at org.springsource.loaded.TypeRegistry.loadNewVersion(TypeRegistry.java:845)
	at org.springsource.loaded.agent.ReloadableFileChangeListener.fileChanged(ReloadableFileChangeListener.java:51)
	at org.springsource.loaded.agent.Watcher.determineChangesSince(FileSystemWatcher.java:235)
	at org.springsource.loaded.agent.Watcher.run(FileSystemWatcher.java:219)
	at java.lang.Thread.run(Thread.java:745)
2015-07-31 12:56:39,527 [FileSystemWatcher: files=#113 cl=groovy.lang.GroovyClassLoader@614aac1] ERROR StackTrace  - Full Stack Trace:
BUG! exception in phase 'canonicalization' in source unit 'script14383689991551962869230.groovy' unexpected NullpointerException
	at org.codehaus.groovy.control.CompilationUnit.applyToPrimaryClassNodes(CompilationUnit.java:1057)
	at org.codehaus.groovy.control.CompilationUnit.doPhaseOperation(CompilationUnit.java:588)
	at org.codehaus.groovy.control.CompilationUnit.processPhaseOperations(CompilationUnit.java:566)
	at org.codehaus.groovy.control.CompilationUnit.compile(CompilationUnit.java:543)
	at ScaffoldingGrailsPlugin.createScaffoldedInstance(ScaffoldingGrailsPlugin.groovy:184)
	at ScaffoldingGrailsPlugin.configureScaffoldingController(ScaffoldingGrailsPlugin.groovy:139)
	at ScaffoldingGrailsPlugin$_closure3.doCall(ScaffoldingGrailsPlugin.groovy:105)
	at java.lang.Thread.run(Thread.java:745)
Caused by: java.lang.NullPointerException
	at org.codehaus.groovy.vmplugin.v5.Java5.configureClassNode(Java5.java:363)
	at org.codehaus.groovy.control.customizers.ASTTransformationCustomizer.call(ASTTransformationCustomizer.groovy:295)
	at org.codehaus.groovy.control.CompilationUnit.applyToPrimaryClassNodes(CompilationUnit.java:1052)
	... 7 more
2015-07-31 12:56:39,528 [FileSystemWatcher: files=#113 cl=groovy.lang.GroovyClassLoader@614aac1] ERROR StackTrace  - Full Stack Trace:
BUG! exception in phase 'canonicalization' in source unit 'script14383689991551962869230.groovy' unexpected NullpointerException
	at org.codehaus.groovy.control.CompilationUnit.applyToPrimaryClassNodes(CompilationUnit.java:1057)
	at org.codehaus.groovy.control.CompilationUnit.doPhaseOperation(CompilationUnit.java:588)
	at org.codehaus.groovy.control.CompilationUnit.processPhaseOperations(CompilationUnit.java:566)
	at org.codehaus.groovy.control.CompilationUnit.compile(CompilationUnit.java:543)
	at ScaffoldingGrailsPlugin.createScaffoldedInstance(ScaffoldingGrailsPlugin.groovy:184)
	at ScaffoldingGrailsPlugin.configureScaffoldingController(ScaffoldingGrailsPlugin.groovy:139)
	at ScaffoldingGrailsPlugin$_closure3.doCall(ScaffoldingGrailsPlugin.groovy:105)
	at java.lang.Thread.run(Thread.java:745)
Caused by: java.lang.NullPointerException
	at org.codehaus.groovy.vmplugin.v5.Java5.configureClassNode(Java5.java:363)
	at org.codehaus.groovy.control.customizers.ASTTransformationCustomizer.call(ASTTransformationCustomizer.groovy:295)
	at org.codehaus.groovy.control.CompilationUnit.applyToPrimaryClassNodes(CompilationUnit.java:1052)
	... 7 more
2015-07-31 12:56:39,528 [FileSystemWatcher: files=#113 cl=groovy.lang.GroovyClassLoader@614aac1] ERROR StackTrace  - Full Stack Trace:
java.lang.NullPointerException
	at org.codehaus.groovy.vmplugin.v5.Java5.configureClassNode(Java5.java:363)
	at org.codehaus.groovy.control.customizers.ASTTransformationCustomizer.call(ASTTransformationCustomizer.groovy:295)
	at org.codehaus.groovy.control.CompilationUnit.applyToPrimaryClassNodes(CompilationUnit.java:1052)
	at org.codehaus.groovy.control.CompilationUnit.doPhaseOperation(CompilationUnit.java:588)
	at org.codehaus.groovy.control.CompilationUnit.processPhaseOperations(CompilationUnit.java:566)
	at org.codehaus.groovy.control.CompilationUnit.compile(CompilationUnit.java:543)
	at ScaffoldingGrailsPlugin.createScaffoldedInstance(ScaffoldingGrailsPlugin.groovy:184)
	at ScaffoldingGrailsPlugin.configureScaffoldingController(ScaffoldingGrailsPlugin.groovy:139)
	at ScaffoldingGrailsPlugin$_closure3.doCall(ScaffoldingGrailsPlugin.groovy:105)
	at java.lang.Thread.run(Thread.java:745)
2015-07-31 12:56:39,529 [FileSystemWatcher: files=#113 cl=groovy.lang.GroovyClassLoader@614aac1] ERROR StackTrace  - Full Stack Trace:
BUG! exception in phase 'canonicalization' in source unit 'script14383689991551962869230.groovy' unexpected NullpointerException
	at org.codehaus.groovy.control.CompilationUnit.applyToPrimaryClassNodes(CompilationUnit.java:1057)
	at org.codehaus.groovy.control.CompilationUnit.doPhaseOperation(CompilationUnit.java:588)
	at org.codehaus.groovy.control.CompilationUnit.processPhaseOperations(CompilationUnit.java:566)
	at org.codehaus.groovy.control.CompilationUnit.compile(CompilationUnit.java:543)
	at ScaffoldingGrailsPlugin.createScaffoldedInstance(ScaffoldingGrailsPlugin.groovy:184)
	at ScaffoldingGrailsPlugin.configureScaffoldingController(ScaffoldingGrailsPlugin.groovy:139)
	at ScaffoldingGrailsPlugin$_closure3.doCall(ScaffoldingGrailsPlugin.groovy:105)
	at java.lang.Thread.run(Thread.java:745)
Caused by: java.lang.NullPointerException
	at org.codehaus.groovy.vmplugin.v5.Java5.configureClassNode(Java5.java:363)
	at org.codehaus.groovy.control.customizers.ASTTransformationCustomizer.call(ASTTransformationCustomizer.groovy:295)
	at org.codehaus.groovy.control.CompilationUnit.applyToPrimaryClassNodes(CompilationUnit.java:1052)
	... 7 more
2015-07-31 12:56:44,177 [Thread-13] ERROR StackTrace  - Full Stack Trace:
java.lang.NullPointerException: Cannot invoke method getPropertyValue() on null object
	at org.codehaus.groovy.runtime.NullObject.invokeMethod(NullObject.java:88)
	at org.codehaus.groovy.runtime.callsite.PogoMetaClassSite.call(PogoMetaClassSite.java:45)
	at org.codehaus.groovy.runtime.callsite.CallSiteArray.defaultCall(CallSiteArray.java:45)
	at org.codehaus.groovy.runtime.callsite.NullCallSite.call(NullCallSite.java:32)
	at org.codehaus.groovy.runtime.callsite.CallSiteArray.defaultCall(CallSiteArray.java:45)
	at org.codehaus.groovy.runtime.callsite.PogoMetaClassSite.call(PogoMetaClassSite.java:54)
	at org.codehaus.groovy.runtime.callsite.AbstractCallSite.call(AbstractCallSite.java:130)
	at ScaffoldingGrailsPlugin.configureScaffoldingController(ScaffoldingGrailsPlugin.groovy:120)
	at sun.reflect.NativeMethodAccessorImpl.invoke0(Native Method)
	at sun.reflect.NativeMethodAccessorImpl.invoke(NativeMethodAccessorImpl.java:57)
	at sun.reflect.DelegatingMethodAccessorImpl.invoke(DelegatingMethodAccessorImpl.java:43)
	at java.lang.reflect.Method.invoke(Method.java:606)
	at org.springsource.loaded.ri.OriginalClassInvoker.invoke(OriginalClassInvoker.java:47)
	at org.springsource.loaded.ri.ReflectiveInterceptor.jlrMethodInvoke(ReflectiveInterceptor.java:1299)
	at org.codehaus.groovy.reflection.CachedMethod.invoke(CachedMethod.java:90)
	at groovy.lang.MetaMethod.doMethodInvoke(MetaMethod.java:324)
	at groovy.lang.MetaClassImpl.invokeMethod(MetaClassImpl.java:1207)
	at groovy.lang.ExpandoMetaClass.invokeMethod(ExpandoMetaClass.java:1121)
	at groovy.lang.MetaClassImpl.invokeMethod(MetaClassImpl.java:1016)
	at groovy.lang.MetaClassImpl.invokeMethod(MetaClassImpl.java:1152)
	at groovy.lang.ExpandoMetaClass.invokeMethod(ExpandoMetaClass.java:1121)
	at groovy.lang.MetaClassImpl.invokeMethod(MetaClassImpl.java:1016)
	at org.codehaus.groovy.runtime.callsite.PogoMetaClassSite.callCurrent(PogoMetaClassSite.java:66)
	at org.codehaus.groovy.runtime.callsite.AbstractCallSite.callCurrent(AbstractCallSite.java:179)
	at ScaffoldingGrailsPlugin$_closure3.doCall(ScaffoldingGrailsPlugin.groovy:105)
	at sun.reflect.NativeMethodAccessorImpl.invoke0(Native Method)
	at sun.reflect.NativeMethodAccessorImpl.invoke(NativeMethodAccessorImpl.java:57)
	at sun.reflect.DelegatingMethodAccessorImpl.invoke(DelegatingMethodAccessorImpl.java:43)
	at java.lang.reflect.Method.invoke(Method.java:606)
	at org.springsource.loaded.ri.OriginalClassInvoker.invoke(OriginalClassInvoker.java:47)
	at org.springsource.loaded.ri.ReflectiveInterceptor.jlrMethodInvoke(ReflectiveInterceptor.java:1299)
	at org.codehaus.groovy.reflection.CachedMethod.invoke(CachedMethod.java:90)
	at groovy.lang.MetaMethod.doMethodInvoke(MetaMethod.java:324)
	at groovy.lang.MetaClassImpl.invokeMethod(MetaClassImpl.java:1207)
	at groovy.lang.ExpandoMetaClass.invokeMethod(ExpandoMetaClass.java:1121)
	at groovy.lang.MetaClassImpl.invokeMethod(MetaClassImpl.java:1016)
	at groovy.lang.Closure.call(Closure.java:423)
	at ScaffoldingGrailsPlugin$_closure3.call(ScaffoldingGrailsPlugin.groovy)
	at org.codehaus.groovy.grails.plugins.DefaultGrailsPlugin.invokeOnChangeListener(DefaultGrailsPlugin.java:767)
	at org.codehaus.groovy.grails.plugins.DefaultGrailsPlugin.notifyOfEvent(DefaultGrailsPlugin.java:716)
	at org.codehaus.groovy.grails.plugins.DefaultGrailsPluginManager.informObservers(DefaultGrailsPluginManager.java:242)
	at org.codehaus.groovy.grails.plugins.DefaultGrailsPlugin.notifyOfEvent(DefaultGrailsPlugin.java:732)
	at org.codehaus.groovy.grails.plugins.AbstractGrailsPluginManager.informOfClassChange(AbstractGrailsPluginManager.java:408)
	at org.codehaus.groovy.grails.plugins.AbstractGrailsPluginManager.informOfFileChange(AbstractGrailsPluginManager.java:366)
	at org.codehaus.groovy.grails.project.compiler.GrailsProjectWatcher.informPluginManager(GrailsProjectWatcher.java:226)
	at org.codehaus.groovy.grails.project.compiler.GrailsProjectWatcher.access$400(GrailsProjectWatcher.java:48)
	at org.codehaus.groovy.grails.project.compiler.GrailsProjectWatcher$1.onNew(GrailsProjectWatcher.java:152)
	at org.codehaus.groovy.grails.compiler.AbstractDirectoryWatcher.fireOnNew(AbstractDirectoryWatcher.java:76)
	at org.codehaus.groovy.grails.compiler.WatchServiceDirectoryWatcher.run(WatchServiceDirectoryWatcher.java:104)
	at org.codehaus.groovy.grails.compiler.DirectoryWatcher.run(DirectoryWatcher.java:154)
	at org.codehaus.groovy.grails.project.compiler.GrailsProjectWatcher.run(GrailsProjectWatcher.java:161)
2015-07-31 12:56:44,186 [Thread-13] ERROR StackTrace  - Full Stack Trace:
java.lang.NullPointerException: Cannot invoke method getPropertyValue() on null object
	at ScaffoldingGrailsPlugin.configureScaffoldingController(ScaffoldingGrailsPlugin.groovy:120)
	at ScaffoldingGrailsPlugin$_closure3.doCall(ScaffoldingGrailsPlugin.groovy:105)
2015-07-31 12:56:44,186 [Thread-13] ERROR StackTrace  - Full Stack Trace:
java.lang.NullPointerException: Cannot invoke method getPropertyValue() on null object
	at ScaffoldingGrailsPlugin.configureScaffoldingController(ScaffoldingGrailsPlugin.groovy:120)
	at ScaffoldingGrailsPlugin$_closure3.doCall(ScaffoldingGrailsPlugin.groovy:105)
2015-07-31 12:56:44,186 [Thread-13] ERROR StackTrace  - Full Stack Trace:
java.lang.NullPointerException: Cannot invoke method getPropertyValue() on null object
	at ScaffoldingGrailsPlugin.configureScaffoldingController(ScaffoldingGrailsPlugin.groovy:120)
	at ScaffoldingGrailsPlugin$_closure3.doCall(ScaffoldingGrailsPlugin.groovy:105)
